This is pdfTeX, Version 3.14159265-2.6-1.40.18 (TeX Live 2017/Debian) (preloaded format=pdflatex 2018.10.14)  8 JUL 2019 19:34
entering extended mode
 \write18 enabled.
 %&-line parsing enabled.
**korteweg-de-vries.tex
(./korteweg-de-vries.tex
LaTeX2e <2017-04-15>
Babel <3.18> and hyphenation patterns for 12 language(s) loaded.
(/usr/share/texlive/texmf-dist/tex/latex/base/article.cls
Document Class: article 2014/09/29 v1.4h Standard LaTeX document class
(/usr/share/texlive/texmf-dist/tex/latex/base/fleqn.clo
File: fleqn.clo 2016/12/29 v1.2a Standard LaTeX option (flush left equations)
\mathindent=\dimen102
Applying: [2015/01/01] Make \[ robust on input line 50.
LaTeX Info: Redefining \[ on input line 51.
Already applied: [0000/00/00] Make \[ robust on input line 62.
Applying: [2015/01/01] Make \] robust on input line 74.
LaTeX Info: Redefining \] on input line 75.
Already applied: [0000/00/00] Make \] robust on input line 83.
)
(/usr/share/texlive/texmf-dist/tex/latex/base/size10.clo
File: size10.clo 2014/09/29 v1.4h Standard LaTeX file (size option)
)
\c@part=\count79
\c@section=\count80
\c@subsection=\count81
\c@subsubsection=\count82
\c@paragraph=\count83
\c@subparagraph=\count84
\c@figure=\count85
\c@table=\count86
\abovecaptionskip=\skip41
\belowcaptionskip=\skip42
\bibindent=\dimen103
)
(/usr/share/texlive/texmf-dist/tex/latex/base/inputenc.sty
Package: inputenc 2015/03/17 v1.2c Input encoding file
\inpenc@prehook=\toks14
\inpenc@posthook=\toks15

(/usr/share/texlive/texmf-dist/tex/latex/ucs/utf8x.def
File: utf8x.def 2004/10/17 UCS: Input encoding UTF-8
))
(/usr/share/texlive/texmf-dist/tex/latex/ucs/ucs.sty
Package: ucs 2013/05/11 v2.2 UCS: Unicode input support

(/usr/share/texlive/texmf-dist/tex/latex/ucs/data/uni-global.def
File: uni-global.def 2013/05/13 UCS: Unicode global data
)
\uc@secondtry=\count87
\uc@combtoks=\toks16
\uc@combtoksb=\toks17
\uc@temptokena=\toks18
)
(/usr/share/texlive/texmf-dist/tex/latex/amsfonts/amsfonts.sty
Package: amsfonts 2013/01/14 v3.01 Basic AMSFonts support
\@emptytoks=\toks19
\symAMSa=\mathgroup4
\symAMSb=\mathgroup5
LaTeX Font Info:    Overwriting math alphabet `\mathfrak' in version `bold'
(Font)                  U/euf/m/n --> U/euf/b/n on input line 106.
)
(/usr/share/texlive/texmf-dist/tex/latex/amsfonts/amssymb.sty
Package: amssymb 2013/01/14 v3.01 AMS font symbols
)
(/usr/share/texlive/texmf-dist/tex/generic/german/ngerman.sty v2.5e 1998-07-08
Package: ngerman 1998/07/08 v2.5e Support for writing german texts (br)
\grmnU@D=\dimen104
ngerman -- \language number for naustrian undefined, default 4 used.
ngerman -- \language number for French undefined, default 255 used.
) (/usr/share/texlive/texmf-dist/tex/latex/graphics/graphicx.sty
Package: graphicx 2017/06/01 v1.1a Enhanced LaTeX Graphics (DPC,SPQR)

(/usr/share/texlive/texmf-dist/tex/latex/graphics/keyval.sty
Package: keyval 2014/10/28 v1.15 key=value parser (DPC)
\KV@toks@=\toks20
)
(/usr/share/texlive/texmf-dist/tex/latex/graphics/graphics.sty
Package: graphics 2017/06/25 v1.2c Standard LaTeX Graphics (DPC,SPQR)

(/usr/share/texlive/texmf-dist/tex/latex/graphics/trig.sty
Package: trig 2016/01/03 v1.10 sin cos tan (DPC)
)
(/usr/share/texlive/texmf-dist/tex/latex/graphics-cfg/graphics.cfg
File: graphics.cfg 2016/06/04 v1.11 sample graphics configuration
)
Package graphics Info: Driver file: pdftex.def on input line 99.

(/usr/share/texlive/texmf-dist/tex/latex/graphics-def/pdftex.def
File: pdftex.def 2018/01/08 v1.0l Graphics/color driver for pdftex
))
\Gin@req@height=\dimen105
\Gin@req@width=\dimen106
)
(/usr/share/texlive/texmf-dist/tex/latex/hyperref/hyperref.sty
Package: hyperref 2018/02/06 v6.86b Hypertext links for LaTeX

(/usr/share/texlive/texmf-dist/tex/generic/oberdiek/hobsub-hyperref.sty
Package: hobsub-hyperref 2016/05/16 v1.14 Bundle oberdiek, subset hyperref (HO)


(/usr/share/texlive/texmf-dist/tex/generic/oberdiek/hobsub-generic.sty
Package: hobsub-generic 2016/05/16 v1.14 Bundle oberdiek, subset generic (HO)
Package: hobsub 2016/05/16 v1.14 Construct package bundles (HO)
Package: infwarerr 2016/05/16 v1.4 Providing info/warning/error messages (HO)
Package: ltxcmds 2016/05/16 v1.23 LaTeX kernel commands for general use (HO)
Package: ifluatex 2016/05/16 v1.4 Provides the ifluatex switch (HO)
Package ifluatex Info: LuaTeX not detected.
Package: ifvtex 2016/05/16 v1.6 Detect VTeX and its facilities (HO)
Package ifvtex Info: VTeX not detected.
Package: intcalc 2016/05/16 v1.2 Expandable calculations with integers (HO)
Package: ifpdf 2017/03/15 v3.2 Provides the ifpdf switch
Package: etexcmds 2016/05/16 v1.6 Avoid name clashes with e-TeX commands (HO)
Package etexcmds Info: Could not find \expanded.
(etexcmds)             That can mean that you are not using pdfTeX 1.50 or
(etexcmds)             that some package has redefined \expanded.
(etexcmds)             In the latter case, load this package earlier.
Package: kvsetkeys 2016/05/16 v1.17 Key value parser (HO)
Package: kvdefinekeys 2016/05/16 v1.4 Define keys (HO)
Package: pdftexcmds 2018/01/21 v0.26 Utility functions of pdfTeX for LuaTeX (HO
)
Package pdftexcmds Info: LuaTeX not detected.
Package pdftexcmds Info: \pdf@primitive is available.
Package pdftexcmds Info: \pdf@ifprimitive is available.
Package pdftexcmds Info: \pdfdraftmode found.
Package: pdfescape 2016/05/16 v1.14 Implements pdfTeX's escape features (HO)
Package: bigintcalc 2016/05/16 v1.4 Expandable calculations on big integers (HO
)
Package: bitset 2016/05/16 v1.2 Handle bit-vector datatype (HO)
Package: uniquecounter 2016/05/16 v1.3 Provide unlimited unique counter (HO)
)
Package hobsub Info: Skipping package `hobsub' (already loaded).
Package: letltxmacro 2016/05/16 v1.5 Let assignment for LaTeX macros (HO)
Package: hopatch 2016/05/16 v1.3 Wrapper for package hooks (HO)
Package: xcolor-patch 2016/05/16 xcolor patch
Package: atveryend 2016/05/16 v1.9 Hooks at the very end of document (HO)
Package atveryend Info: \enddocument detected (standard20110627).
Package: atbegshi 2016/06/09 v1.18 At begin shipout hook (HO)
Package: refcount 2016/05/16 v3.5 Data extraction from label references (HO)
Package: hycolor 2016/05/16 v1.8 Color options for hyperref/bookmark (HO)
)
(/usr/share/texlive/texmf-dist/tex/generic/ifxetex/ifxetex.sty
Package: ifxetex 2010/09/12 v0.6 Provides ifxetex conditional
)
(/usr/share/texlive/texmf-dist/tex/latex/oberdiek/auxhook.sty
Package: auxhook 2016/05/16 v1.4 Hooks for auxiliary files (HO)
)
(/usr/share/texlive/texmf-dist/tex/latex/oberdiek/kvoptions.sty
Package: kvoptions 2016/05/16 v3.12 Key value format for package options (HO)
)
\@linkdim=\dimen107
\Hy@linkcounter=\count88
\Hy@pagecounter=\count89

(/usr/share/texlive/texmf-dist/tex/latex/hyperref/pd1enc.def
File: pd1enc.def 2018/02/06 v6.86b Hyperref: PDFDocEncoding definition (HO)
)
\Hy@SavedSpaceFactor=\count90

(/usr/share/texlive/texmf-dist/tex/latex/latexconfig/hyperref.cfg
File: hyperref.cfg 2002/06/06 v1.2 hyperref configuration of TeXLive
)
Package hyperref Info: Hyper figures OFF on input line 4509.
Package hyperref Info: Link nesting OFF on input line 4514.
Package hyperref Info: Hyper index ON on input line 4517.
Package hyperref Info: Plain pages OFF on input line 4524.
Package hyperref Info: Backreferencing OFF on input line 4529.
Package hyperref Info: Implicit mode ON; LaTeX internals redefined.
Package hyperref Info: Bookmarks ON on input line 4762.
\c@Hy@tempcnt=\count91

(/usr/share/texlive/texmf-dist/tex/latex/url/url.sty
\Urlmuskip=\muskip10
Package: url 2013/09/16  ver 3.4  Verb mode for urls, etc.
)
LaTeX Info: Redefining \url on input line 5115.
\XeTeXLinkMargin=\dimen108
\Fld@menulength=\count92
\Field@Width=\dimen109
\Fld@charsize=\dimen110
Package hyperref Info: Hyper figures OFF on input line 6369.
Package hyperref Info: Link nesting OFF on input line 6374.
Package hyperref Info: Hyper index ON on input line 6377.
Package hyperref Info: backreferencing OFF on input line 6384.
Package hyperref Info: Link coloring OFF on input line 6389.
Package hyperref Info: Link coloring with OCG OFF on input line 6394.
Package hyperref Info: PDF/A mode OFF on input line 6399.
LaTeX Info: Redefining \ref on input line 6439.
LaTeX Info: Redefining \pageref on input line 6443.
\Hy@abspage=\count93
\c@Item=\count94
\c@Hfootnote=\count95
)
Package hyperref Info: Driver (autodetected): hpdftex.

(/usr/share/texlive/texmf-dist/tex/latex/hyperref/hpdftex.def
File: hpdftex.def 2018/02/06 v6.86b Hyperref driver for pdfTeX
\Fld@listcount=\count96
\c@bookmark@seq@number=\count97

(/usr/share/texlive/texmf-dist/tex/latex/oberdiek/rerunfilecheck.sty
Package: rerunfilecheck 2016/05/16 v1.8 Rerun checks for auxiliary files (HO)
Package uniquecounter Info: New unique counter `rerunfilecheck' on input line 2
82.
)
\Hy@SectionHShift=\skip43
)
(/usr/share/texmf/tex/plain/misc/noweb.sty
\nwmarginglue=\dimen111
\codehsize=\dimen112
\codemargin=\dimen113
\nwdefspace=\dimen114
\equivbox=\box26
LaTeX Font Info:    Try loading font information for U+msa on input line 79.

(/usr/share/texlive/texmf-dist/tex/latex/amsfonts/umsa.fd
File: umsa.fd 2013/01/14 v3.01 AMS symbols A
)
LaTeX Font Info:    Try loading font information for U+msb on input line 79.

(/usr/share/texlive/texmf-dist/tex/latex/amsfonts/umsb.fd
File: umsb.fd 2013/01/14 v3.01 AMS symbols B
)
\plusequivbox=\box27
\nwcodetopsep=\skip44
\nwcodepenalty=\count98
\nwbreakcodespace=\dimen115
\@original@textwidth=\dimen116
\nwcodecommentsep=\skip45
\@nwlopage=\count99
\@nwhipage=\count100
\@nwlosub=\count101
\@nwhisub=\count102
\@nwpagetemp=\count103
\@nwpagecount=\count104
\sub@page=\count105
\@nwalph@n=\count106
\nw@chunkcount=\count107
\@commacount=\count108
\nwix@counter=\count109
)
(/usr/share/texlive/texmf-dist/tex/latex/xcolor/xcolor.sty
Package: xcolor 2016/05/11 v2.12 LaTeX color extensions (UK)

(/usr/share/texlive/texmf-dist/tex/latex/graphics-cfg/color.cfg
File: color.cfg 2016/01/02 v1.6 sample color configuration
)
Package xcolor Info: Driver file: pdftex.def on input line 225.
Package xcolor Info: Model `cmy' substituted by `cmy0' on input line 1348.
Package xcolor Info: Model `hsb' substituted by `rgb' on input line 1352.
Package xcolor Info: Model `RGB' extended on input line 1364.
Package xcolor Info: Model `HTML' substituted by `rgb' on input line 1366.
Package xcolor Info: Model `Hsb' substituted by `hsb' on input line 1367.
Package xcolor Info: Model `tHsb' substituted by `hsb' on input line 1368.
Package xcolor Info: Model `HSB' substituted by `hsb' on input line 1369.
Package xcolor Info: Model `Gray' substituted by `gray' on input line 1370.
Package xcolor Info: Model `wave' substituted by `hsb' on input line 1371.

(/usr/share/texlive/texmf-dist/tex/latex/graphics/dvipsnam.def
File: dvipsnam.def 2016/06/17 v3.0m Driver-dependent file (DPC,SPQR)
))
(/usr/share/texlive/texmf-dist/tex/latex/comment/comment.sty
\CommentStream=\write3

Excluding comment 'comment')
(/usr/share/texlive/texmf-dist/tex/latex/geometry/geometry.sty
Package: geometry 2010/09/12 v5.6 Page Geometry
\Gm@cnth=\count110
\Gm@cntv=\count111
\c@Gm@tempcnt=\count112
\Gm@bindingoffset=\dimen117
\Gm@wd@mp=\dimen118
\Gm@odd@mp=\dimen119
\Gm@even@mp=\dimen120
\Gm@layoutwidth=\dimen121
\Gm@layoutheight=\dimen122
\Gm@layouthoffset=\dimen123
\Gm@layoutvoffset=\dimen124
\Gm@dimlist=\toks21
)
(/usr/share/texlive/texmf-dist/tex/latex/base/fontenc.sty
Package: fontenc 2017/04/05 v2.0i Standard LaTeX package

(/usr/share/texlive/texmf-dist/tex/latex/base/t1enc.def
File: t1enc.def 2017/04/05 v2.0i Standard LaTeX file
LaTeX Font Info:    Redeclaring font encoding T1 on input line 48.
))
(/usr/share/texlive/texmf-dist/tex/latex/amsmath/amsmath.sty
Package: amsmath 2017/09/02 v2.17a AMS math features
\@mathmargin=\skip46

For additional information on amsmath, use the `?' option.
(/usr/share/texlive/texmf-dist/tex/latex/amsmath/amstext.sty
Package: amstext 2000/06/29 v2.01 AMS text

(/usr/share/texlive/texmf-dist/tex/latex/amsmath/amsgen.sty
File: amsgen.sty 1999/11/30 v2.0 generic functions
\@emptytoks=\toks22
\ex@=\dimen125
))
(/usr/share/texlive/texmf-dist/tex/latex/amsmath/amsbsy.sty
Package: amsbsy 1999/11/29 v1.2d Bold Symbols
\pmbraise@=\dimen126
)
(/usr/share/texlive/texmf-dist/tex/latex/amsmath/amsopn.sty
Package: amsopn 2016/03/08 v2.02 operator names
)
\inf@bad=\count113
LaTeX Info: Redefining \frac on input line 213.
\uproot@=\count114
\leftroot@=\count115
LaTeX Info: Redefining \overline on input line 375.
\classnum@=\count116
\DOTSCASE@=\count117
LaTeX Info: Redefining \ldots on input line 472.
LaTeX Info: Redefining \dots on input line 475.
LaTeX Info: Redefining \cdots on input line 596.
\Mathstrutbox@=\box28
\strutbox@=\box29
\big@size=\dimen127
LaTeX Font Info:    Redeclaring font encoding OML on input line 712.
LaTeX Font Info:    Redeclaring font encoding OMS on input line 713.
\macc@depth=\count118
\c@MaxMatrixCols=\count119
\dotsspace@=\muskip11
\c@parentequation=\count120
\dspbrk@lvl=\count121
\tag@help=\toks23
\row@=\count122
\column@=\count123
\maxfields@=\count124
\andhelp@=\toks24
\eqnshift@=\dimen128
\alignsep@=\dimen129
\tagshift@=\dimen130
\tagwidth@=\dimen131
\totwidth@=\dimen132
\lineht@=\dimen133
\@envbody=\toks25
\multlinegap=\skip47
\multlinetaggap=\skip48
\mathdisplay@stack=\toks26
LaTeX Info: Redefining \[ on input line 2817.
LaTeX Info: Redefining \] on input line 2818.
)
(/usr/share/texlive/texmf-dist/tex/latex/was/icomma.sty
Package: icomma 2002/03/10 v2.0 (WaS)
)
(./korteweg-de-vries.aux)
\openout1 = `korteweg-de-vries.aux'.

LaTeX Font Info:    Checking defaults for OML/cmm/m/it on input line 61.
LaTeX Font Info:    ... okay on input line 61.
LaTeX Font Info:    Checking defaults for T1/cmr/m/n on input line 61.
LaTeX Font Info:    ... okay on input line 61.
LaTeX Font Info:    Checking defaults for OT1/cmr/m/n on input line 61.
LaTeX Font Info:    ... okay on input line 61.
LaTeX Font Info:    Checking defaults for OMS/cmsy/m/n on input line 61.
LaTeX Font Info:    ... okay on input line 61.
LaTeX Font Info:    Checking defaults for OMX/cmex/m/n on input line 61.
LaTeX Font Info:    ... okay on input line 61.
LaTeX Font Info:    Checking defaults for U/cmr/m/n on input line 61.
LaTeX Font Info:    ... okay on input line 61.
LaTeX Font Info:    Checking defaults for PD1/pdf/m/n on input line 61.
LaTeX Font Info:    ... okay on input line 61.

(/usr/share/texlive/texmf-dist/tex/latex/ucs/ucsencs.def
File: ucsencs.def 2011/01/21 Fixes to fontencodings LGR, T3
)
(/usr/share/texlive/texmf-dist/tex/context/base/mkii/supp-pdf.mkii
[Loading MPS to PDF converter (version 2006.09.02).]
\scratchcounter=\count125
\scratchdimen=\dimen134
\scratchbox=\box30
\nofMPsegments=\count126
\nofMParguments=\count127
\everyMPshowfont=\toks27
\MPscratchCnt=\count128
\MPscratchDim=\dimen135
\MPnumerator=\count129
\makeMPintoPDFobject=\count130
\everyMPtoPDFconversion=\toks28
) (/usr/share/texlive/texmf-dist/tex/latex/oberdiek/epstopdf-base.sty
Package: epstopdf-base 2016/05/15 v2.6 Base part for package epstopdf

(/usr/share/texlive/texmf-dist/tex/latex/oberdiek/grfext.sty
Package: grfext 2016/05/16 v1.2 Manage graphics extensions (HO)
)
Package epstopdf-base Info: Redefining graphics rule for `.eps' on input line 4
38.
Package grfext Info: Graphics extension search list:
(grfext)             [.pdf,.png,.jpg,.mps,.jpeg,.jbig2,.jb2,.PDF,.PNG,.JPG,.JPE
G,.JBIG2,.JB2,.eps]
(grfext)             \AppendGraphicsExtensions on input line 456.

(/usr/share/texlive/texmf-dist/tex/latex/latexconfig/epstopdf-sys.cfg
File: epstopdf-sys.cfg 2010/07/13 v1.3 Configuration of (r)epstopdf for TeX Liv
e
))
\AtBeginShipoutBox=\box31
Package hyperref Info: Link coloring OFF on input line 61.

(/usr/share/texlive/texmf-dist/tex/latex/hyperref/nameref.sty
Package: nameref 2016/05/21 v2.44 Cross-referencing by name of section

(/usr/share/texlive/texmf-dist/tex/generic/oberdiek/gettitlestring.sty
Package: gettitlestring 2016/05/16 v1.5 Cleanup title references (HO)
)
\c@section@level=\count131
)
LaTeX Info: Redefining \ref on input line 61.
LaTeX Info: Redefining \pageref on input line 61.
LaTeX Info: Redefining \nameref on input line 61.

(./korteweg-de-vries.out) (./korteweg-de-vries.out)
\@outlinefile=\write4
\openout4 = `korteweg-de-vries.out'.


*geometry* driver: auto-detecting
*geometry* detected driver: pdftex
*geometry* verbose mode - [ preamble ] result:
* driver: pdftex
* paper: a4paper
* layout: <same size as paper>
* layoutoffset:(h,v)=(0.0pt,0.0pt)
* modes: 
* h-part:(L,W,R)=(71.13188pt, 455.24411pt, 71.13188pt)
* v-part:(T,H,B)=(56.9055pt, 731.23584pt, 56.9055pt)
* \paperwidth=597.50787pt
* \paperheight=845.04684pt
* \textwidth=455.24411pt
* \textheight=731.23584pt
* \oddsidemargin=-1.1381pt
* \evensidemargin=-1.1381pt
* \topmargin=-52.36449pt
* \headheight=12.0pt
* \headsep=25.0pt
* \topskip=10.0pt
* \footskip=30.0pt
* \marginparwidth=57.0pt
* \marginparsep=11.0pt
* \columnsep=10.0pt
* \skip\footins=9.0pt plus 4.0pt minus 2.0pt
* \hoffset=0.0pt
* \voffset=0.0pt
* \mag=1000
* \@twocolumnfalse
* \@twosidefalse
* \@mparswitchfalse
* \@reversemarginfalse
* (1in=72.27pt=25.4mm, 1cm=28.453pt)

(./Deck.tex (/usr/share/texlive/texmf-dist/tex/latex/ucs/data/uni-0.def
File: uni-0.def 2013/05/13 UCS: Unicode data U+0000..U+00FF
)
<logo.png, id=68, 225.84375pt x 225.84375pt>
File: logo.png Graphic file (type png)
<use logo.png>
Package pdftex.def Info: logo.png  used on input line 21.
(pdftex.def)             Requested size: 105.1615pt x 105.16443pt.

[1

{/var/lib/texmf/fonts/map/pdftex/updmap/pdftex.map} <./logo.png>])
(./korteweg-de-vries.toc)
\tf@toc=\write5
\openout5 = `korteweg-de-vries.toc'.

pdfTeX warning (ext4): destination with the same identifier (name{page.1}) has 
been already used, duplicate ignored
<to be read again> 
                   \relax 
l.66 \newpage
              [1] [2] [3] [4]
<Aufgabe-1/korteweg_frame1-0-0.1-5.5-3.0-0.5.png, id=136, 481.8pt x 361.35pt>
File: Aufgabe-1/korteweg_frame1-0-0.1-5.5-3.0-0.5.png Graphic file (type png)
<use Aufgabe-1/korteweg_frame1-0-0.1-5.5-3.0-0.5.png>
Package pdftex.def Info: Aufgabe-1/korteweg_frame1-0-0.1-5.5-3.0-0.5.png  used 
on input line 195.
(pdftex.def)             Requested size: 192.71658pt x 144.53743pt.
<Aufgabe-1/korteweg_frame200-0-0.1-5.5-3.0-0.5.png, id=137, 481.8pt x 361.35pt>

File: Aufgabe-1/korteweg_frame200-0-0.1-5.5-3.0-0.5.png Graphic file (type png)

<use Aufgabe-1/korteweg_frame200-0-0.1-5.5-3.0-0.5.png>
Package pdftex.def Info: Aufgabe-1/korteweg_frame200-0-0.1-5.5-3.0-0.5.png  use
d on input line 196.
(pdftex.def)             Requested size: 192.71658pt x 144.53743pt.
<Aufgabe-1/korteweg_frame400-0-0.1-5.5-3.0-0.5.png, id=138, 481.8pt x 361.35pt>

File: Aufgabe-1/korteweg_frame400-0-0.1-5.5-3.0-0.5.png Graphic file (type png)

<use Aufgabe-1/korteweg_frame400-0-0.1-5.5-3.0-0.5.png>
Package pdftex.def Info: Aufgabe-1/korteweg_frame400-0-0.1-5.5-3.0-0.5.png  use
d on input line 197.
(pdftex.def)             Requested size: 192.71658pt x 144.53743pt.
<Aufgabe-1/korteweg_frame600-0-0.1-5.5-3.0-0.5.png, id=139, 481.8pt x 361.35pt>

File: Aufgabe-1/korteweg_frame600-0-0.1-5.5-3.0-0.5.png Graphic file (type png)

<use Aufgabe-1/korteweg_frame600-0-0.1-5.5-3.0-0.5.png>
Package pdftex.def Info: Aufgabe-1/korteweg_frame600-0-0.1-5.5-3.0-0.5.png  use
d on input line 198.
(pdftex.def)             Requested size: 192.71658pt x 144.53743pt.
<Aufgabe-1/korteweg_frame1-0-0.1-5.5-2.5-0.5.png, id=140, 481.8pt x 361.35pt>
File: Aufgabe-1/korteweg_frame1-0-0.1-5.5-2.5-0.5.png Graphic file (type png)
<use Aufgabe-1/korteweg_frame1-0-0.1-5.5-2.5-0.5.png>
Package pdftex.def Info: Aufgabe-1/korteweg_frame1-0-0.1-5.5-2.5-0.5.png  used 
on input line 221.
(pdftex.def)             Requested size: 192.71658pt x 144.53743pt.
<Aufgabe-1/korteweg_frame400-0-0.1-5.5-2.5-0.5.png, id=141, 481.8pt x 361.35pt>

File: Aufgabe-1/korteweg_frame400-0-0.1-5.5-2.5-0.5.png Graphic file (type png)

<use Aufgabe-1/korteweg_frame400-0-0.1-5.5-2.5-0.5.png>
Package pdftex.def Info: Aufgabe-1/korteweg_frame400-0-0.1-5.5-2.5-0.5.png  use
d on input line 222.
(pdftex.def)             Requested size: 192.71658pt x 144.53743pt.
<Aufgabe-1/korteweg_frame600-0-0.1-5.5-2.5-0.5.png, id=142, 481.8pt x 361.35pt>

File: Aufgabe-1/korteweg_frame600-0-0.1-5.5-2.5-0.5.png Graphic file (type png)

<use Aufgabe-1/korteweg_frame600-0-0.1-5.5-2.5-0.5.png>
Package pdftex.def Info: Aufgabe-1/korteweg_frame600-0-0.1-5.5-2.5-0.5.png  use
d on input line 223.
(pdftex.def)             Requested size: 192.71658pt x 144.53743pt.
<Aufgabe-1/korteweg_frame800-0-0.1-5.5-2.5-0.5.png, id=143, 481.8pt x 361.35pt>

File: Aufgabe-1/korteweg_frame800-0-0.1-5.5-2.5-0.5.png Graphic file (type png)

<use Aufgabe-1/korteweg_frame800-0-0.1-5.5-2.5-0.5.png>
Package pdftex.def Info: Aufgabe-1/korteweg_frame800-0-0.1-5.5-2.5-0.5.png  use
d on input line 224.
(pdftex.def)             Requested size: 192.71658pt x 144.53743pt.
 [5 <./Aufgabe-1/korteweg_frame1-0-0.1-5.5-3.0-0.5.png> <./Aufgabe-1/korteweg_f
rame200-0-0.1-5.5-3.0-0.5.png> <./Aufgabe-1/korteweg_frame400-0-0.1-5.5-3.0-0.5
.png> <./Aufgabe-1/korteweg_frame600-0-0.1-5.5-3.0-0.5.png>] [6 <./Aufgabe-1/ko
rteweg_frame1-0-0.1-5.5-2.5-0.5.png> <./Aufgabe-1/korteweg_frame400-0-0.1-5.5-2
.5-0.5.png> <./Aufgabe-1/korteweg_frame600-0-0.1-5.5-2.5-0.5.png> <./Aufgabe-1/
korteweg_frame800-0-0.1-5.5-2.5-0.5.png>]

Package hyperref Warning: Token not allowed in a PDF string (PDFDocEncoding):
(hyperref)                removing `math shift' on input line 240.


Package hyperref Warning: Token not allowed in a PDF string (PDFDocEncoding):
(hyperref)                removing `\begingroup' on input line 240.


Package hyperref Warning: Token not allowed in a PDF string (PDFDocEncoding):
(hyperref)                removing `\@ifnextchar' on input line 240.


Package hyperref Warning: Token not allowed in a PDF string (PDFDocEncoding):
(hyperref)                removing `\endgroup' on input line 240.


Package hyperref Warning: Token not allowed in a PDF string (PDFDocEncoding):
(hyperref)                removing `subscript' on input line 240.


Package hyperref Warning: Token not allowed in a PDF string (PDFDocEncoding):
(hyperref)                removing `\begingroup' on input line 240.


Package hyperref Warning: Token not allowed in a PDF string (PDFDocEncoding):
(hyperref)                removing `\@ifnextchar' on input line 240.


Package hyperref Warning: Token not allowed in a PDF string (PDFDocEncoding):
(hyperref)                removing `\endgroup' on input line 240.


Package hyperref Warning: Token not allowed in a PDF string (PDFDocEncoding):
(hyperref)                removing `math shift' on input line 240.

<Aufgabe-2/korteweg_frame1-1-0.1-16.4-1.0-0.5--0.2.png, id=164, 481.8pt x 361.3
5pt>
File: Aufgabe-2/korteweg_frame1-1-0.1-16.4-1.0-0.5--0.2.png Graphic file (type 
png)
<use Aufgabe-2/korteweg_frame1-1-0.1-16.4-1.0-0.5--0.2.png>
Package pdftex.def Info: Aufgabe-2/korteweg_frame1-1-0.1-16.4-1.0-0.5--0.2.png 
 used on input line 263.
(pdftex.def)             Requested size: 192.71658pt x 144.53743pt.
<Aufgabe-2/korteweg_frame3400-1-0.1-16.4-1.0-0.5--0.2.png, id=165, 481.8pt x 36
1.35pt>
File: Aufgabe-2/korteweg_frame3400-1-0.1-16.4-1.0-0.5--0.2.png Graphic file (ty
pe png)
<use Aufgabe-2/korteweg_frame3400-1-0.1-16.4-1.0-0.5--0.2.png>
Package pdftex.def Info: Aufgabe-2/korteweg_frame3400-1-0.1-16.4-1.0-0.5--0.2.p
ng  used on input line 264.
(pdftex.def)             Requested size: 192.71658pt x 144.53743pt.
<Aufgabe-2/korteweg_frame3800-1-0.1-16.4-1.0-0.5--0.2.png, id=166, 481.8pt x 36
1.35pt>
File: Aufgabe-2/korteweg_frame3800-1-0.1-16.4-1.0-0.5--0.2.png Graphic file (ty
pe png)
<use Aufgabe-2/korteweg_frame3800-1-0.1-16.4-1.0-0.5--0.2.png>
Package pdftex.def Info: Aufgabe-2/korteweg_frame3800-1-0.1-16.4-1.0-0.5--0.2.p
ng  used on input line 265.
(pdftex.def)             Requested size: 192.71658pt x 144.53743pt.
<Aufgabe-2/korteweg_frame4400-1-0.1-16.4-1.0-0.5--0.2.png, id=167, 481.8pt x 36
1.35pt>
File: Aufgabe-2/korteweg_frame4400-1-0.1-16.4-1.0-0.5--0.2.png Graphic file (ty
pe png)
<use Aufgabe-2/korteweg_frame4400-1-0.1-16.4-1.0-0.5--0.2.png>
Package pdftex.def Info: Aufgabe-2/korteweg_frame4400-1-0.1-16.4-1.0-0.5--0.2.p
ng  used on input line 266.
(pdftex.def)             Requested size: 192.71658pt x 144.53743pt.

Package hyperref Warning: Token not allowed in a PDF string (PDFDocEncoding):
(hyperref)                removing `math shift' on input line 276.


Package hyperref Warning: Token not allowed in a PDF string (PDFDocEncoding):
(hyperref)                removing `\begingroup' on input line 276.


Package hyperref Warning: Token not allowed in a PDF string (PDFDocEncoding):
(hyperref)                removing `\@ifnextchar' on input line 276.


Package hyperref Warning: Token not allowed in a PDF string (PDFDocEncoding):
(hyperref)                removing `\endgroup' on input line 276.


Package hyperref Warning: Token not allowed in a PDF string (PDFDocEncoding):
(hyperref)                removing `subscript' on input line 276.


Package hyperref Warning: Token not allowed in a PDF string (PDFDocEncoding):
(hyperref)                removing `math shift' on input line 276.


Package hyperref Warning: Token not allowed in a PDF string (PDFDocEncoding):
(hyperref)                removing `math shift' on input line 276.


Package hyperref Warning: Token not allowed in a PDF string (PDFDocEncoding):
(hyperref)                removing `subscript' on input line 276.


Package hyperref Warning: Token not allowed in a PDF string (PDFDocEncoding):
(hyperref)                removing `math shift' on input line 276.

[7 <./Aufgabe-2/korteweg_frame1-1-0.1-16.4-1.0-0.5--0.2.png> <./Aufgabe-2/korte
weg_frame3400-1-0.1-16.4-1.0-0.5--0.2.png> <./Aufgabe-2/korteweg_frame3800-1-0.
1-16.4-1.0-0.5--0.2.png> <./Aufgabe-2/korteweg_frame4400-1-0.1-16.4-1.0-0.5--0.
2.png>]
<plotting-A-h0.png, id=183, 481.8pt x 361.35pt>
File: plotting-A-h0.png Graphic file (type png)
<use plotting-A-h0.png>
Package pdftex.def Info: plotting-A-h0.png  used on input line 284.
(pdftex.def)             Requested size: 337.25769pt x 252.94327pt.
<plotting-A-h0-fit.png, id=184, 481.8pt x 361.35pt>
File: plotting-A-h0-fit.png Graphic file (type png)
<use plotting-A-h0-fit.png>
Package pdftex.def Info: plotting-A-h0-fit.png  used on input line 298.
(pdftex.def)             Requested size: 337.25769pt x 252.94327pt.
 [8 <./plotting-A-h0.png> <./plotting-A-h0-fit.png>]
Excluding 'comment' comment.

Package hyperref Warning: Token not allowed in a PDF string (PDFDocEncoding):
(hyperref)                removing `math shift' on input line 342.


Package hyperref Warning: Token not allowed in a PDF string (PDFDocEncoding):
(hyperref)                removing `\begingroup' on input line 342.


Package hyperref Warning: Token not allowed in a PDF string (PDFDocEncoding):
(hyperref)                removing `\@ifnextchar' on input line 342.


Package hyperref Warning: Token not allowed in a PDF string (PDFDocEncoding):
(hyperref)                removing `\endgroup' on input line 342.


Package hyperref Warning: Token not allowed in a PDF string (PDFDocEncoding):
(hyperref)                removing `subscript' on input line 342.


Package hyperref Warning: Token not allowed in a PDF string (PDFDocEncoding):
(hyperref)                removing `\begingroup' on input line 342.


Package hyperref Warning: Token not allowed in a PDF string (PDFDocEncoding):
(hyperref)                removing `\@ifnextchar' on input line 342.


Package hyperref Warning: Token not allowed in a PDF string (PDFDocEncoding):
(hyperref)                removing `\endgroup' on input line 342.


Package hyperref Warning: Token not allowed in a PDF string (PDFDocEncoding):
(hyperref)                removing `math shift' on input line 342.

<Aufgabe-2/korteweg_frame1-3-0.05-10.4-1.0-0.5--0.4.png, id=193, 481.8pt x 361.
35pt>
File: Aufgabe-2/korteweg_frame1-3-0.05-10.4-1.0-0.5--0.4.png Graphic file (type
 png)
<use Aufgabe-2/korteweg_frame1-3-0.05-10.4-1.0-0.5--0.4.png>
Package pdftex.def Info: Aufgabe-2/korteweg_frame1-3-0.05-10.4-1.0-0.5--0.4.png
  used on input line 358.
(pdftex.def)             Requested size: 192.71658pt x 144.53743pt.
<Aufgabe-2/korteweg_frame15000-3-0.05-10.4-1.0-0.5--0.4.png, id=194, 481.8pt x 
361.35pt>
File: Aufgabe-2/korteweg_frame15000-3-0.05-10.4-1.0-0.5--0.4.png Graphic file (
type png)
<use Aufgabe-2/korteweg_frame15000-3-0.05-10.4-1.0-0.5--0.4.png>
Package pdftex.def Info: Aufgabe-2/korteweg_frame15000-3-0.05-10.4-1.0-0.5--0.4
.png  used on input line 359.
(pdftex.def)             Requested size: 192.71658pt x 144.53743pt.
<Aufgabe-2/korteweg_frame20000-3-0.05-10.4-1.0-0.5--0.4.png, id=195, 481.8pt x 
361.35pt>
File: Aufgabe-2/korteweg_frame20000-3-0.05-10.4-1.0-0.5--0.4.png Graphic file (
type png)
<use Aufgabe-2/korteweg_frame20000-3-0.05-10.4-1.0-0.5--0.4.png>
Package pdftex.def Info: Aufgabe-2/korteweg_frame20000-3-0.05-10.4-1.0-0.5--0.4
.png  used on input line 360.
(pdftex.def)             Requested size: 192.71658pt x 144.53743pt.
<Aufgabe-2/korteweg_frame60000-3-0.05-10.4-1.0-0.5--0.4.png, id=196, 481.8pt x 
361.35pt>
File: Aufgabe-2/korteweg_frame60000-3-0.05-10.4-1.0-0.5--0.4.png Graphic file (
type png)
<use Aufgabe-2/korteweg_frame60000-3-0.05-10.4-1.0-0.5--0.4.png>
Package pdftex.def Info: Aufgabe-2/korteweg_frame60000-3-0.05-10.4-1.0-0.5--0.4
.png  used on input line 361.
(pdftex.def)             Requested size: 192.71658pt x 144.53743pt.
[9 <./Aufgabe-2/korteweg_frame1-3-0.05-10.4-1.0-0.5--0.4.png> <./Aufgabe-2/kort
eweg_frame15000-3-0.05-10.4-1.0-0.5--0.4.png> <./Aufgabe-2/korteweg_frame20000-
3-0.05-10.4-1.0-0.5--0.4.png> <./Aufgabe-2/korteweg_frame60000-3-0.05-10.4-1.0-
0.5--0.4.png>] [10] [11]
<Korrekturen/korteweg_frame1-0-0.1-20.0-2.0-0.5-0.3.png, id=220, 481.8pt x 361.
35pt>
File: Korrekturen/korteweg_frame1-0-0.1-20.0-2.0-0.5-0.3.png Graphic file (type
 png)
<use Korrekturen/korteweg_frame1-0-0.1-20.0-2.0-0.5-0.3.png>
Package pdftex.def Info: Korrekturen/korteweg_frame1-0-0.1-20.0-2.0-0.5-0.3.png
  used on input line 449.
(pdftex.def)             Requested size: 192.71658pt x 144.53743pt.
<Korrekturen/korteweg_frame20600-0-0.1-20.0-2.0-0.5-0.3.png, id=221, 481.8pt x 
361.35pt>
File: Korrekturen/korteweg_frame20600-0-0.1-20.0-2.0-0.5-0.3.png Graphic file (
type png)
<use Korrekturen/korteweg_frame20600-0-0.1-20.0-2.0-0.5-0.3.png>
Package pdftex.def Info: Korrekturen/korteweg_frame20600-0-0.1-20.0-2.0-0.5-0.3
.png  used on input line 450.
(pdftex.def)             Requested size: 192.71658pt x 144.53743pt.
<Korrekturen/korteweg_frame31000-0-0.1-20.0-2.0-0.5-0.3.png, id=222, 481.8pt x 
361.35pt>
File: Korrekturen/korteweg_frame31000-0-0.1-20.0-2.0-0.5-0.3.png Graphic file (
type png)
<use Korrekturen/korteweg_frame31000-0-0.1-20.0-2.0-0.5-0.3.png>
Package pdftex.def Info: Korrekturen/korteweg_frame31000-0-0.1-20.0-2.0-0.5-0.3
.png  used on input line 451.
(pdftex.def)             Requested size: 192.71658pt x 144.53743pt.
<Korrekturen/korteweg_frame50000-0-0.1-20.0-2.0-0.5-0.3.png, id=223, 481.8pt x 
361.35pt>
File: Korrekturen/korteweg_frame50000-0-0.1-20.0-2.0-0.5-0.3.png Graphic file (
type png)
<use Korrekturen/korteweg_frame50000-0-0.1-20.0-2.0-0.5-0.3.png>
Package pdftex.def Info: Korrekturen/korteweg_frame50000-0-0.1-20.0-2.0-0.5-0.3
.png  used on input line 452.
(pdftex.def)             Requested size: 192.71658pt x 144.53743pt.
<Korrekturen/plotting-Pk-P0-N2-.png, id=224, 481.8pt x 361.35pt>
File: Korrekturen/plotting-Pk-P0-N2-.png Graphic file (type png)
<use Korrekturen/plotting-Pk-P0-N2-.png>
Package pdftex.def Info: Korrekturen/plotting-Pk-P0-N2-.png  used on input line
 453.
(pdftex.def)             Requested size: 192.71658pt x 144.53743pt.
 [12 <./Korrekturen/korteweg_frame1-0-0.1-20.0-2.0-0.5-0.3.png> <./Korrekturen/
korteweg_frame20600-0-0.1-20.0-2.0-0.5-0.3.png> <./Korrekturen/korteweg_frame31
000-0-0.1-20.0-2.0-0.5-0.3.png> <./Korrekturen/korteweg_frame50000-0-0.1-20.0-2
.0-0.5-0.3.png> <./Korrekturen/plotting-Pk-P0-N2-.png>]
<Korrekturen/korteweg_frame1-0-0.1-20.0-3.0-0.5-0.3.png, id=239, 481.8pt x 361.
35pt>
File: Korrekturen/korteweg_frame1-0-0.1-20.0-3.0-0.5-0.3.png Graphic file (type
 png)
<use Korrekturen/korteweg_frame1-0-0.1-20.0-3.0-0.5-0.3.png>
Package pdftex.def Info: Korrekturen/korteweg_frame1-0-0.1-20.0-3.0-0.5-0.3.png
  used on input line 465.
(pdftex.def)             Requested size: 192.71658pt x 144.53743pt.
<Korrekturen/korteweg_frame3200-0-0.1-20.0-3.0-0.5-0.3.png, id=240, 481.8pt x 3
61.35pt>
File: Korrekturen/korteweg_frame3200-0-0.1-20.0-3.0-0.5-0.3.png Graphic file (t
ype png)
<use Korrekturen/korteweg_frame3200-0-0.1-20.0-3.0-0.5-0.3.png>
Package pdftex.def Info: Korrekturen/korteweg_frame3200-0-0.1-20.0-3.0-0.5-0.3.
png  used on input line 466.
(pdftex.def)             Requested size: 192.71658pt x 144.53743pt.
<Korrekturen/korteweg_frame5400-0-0.1-20.0-3.0-0.5-0.3.png, id=241, 481.8pt x 3
61.35pt>
File: Korrekturen/korteweg_frame5400-0-0.1-20.0-3.0-0.5-0.3.png Graphic file (t
ype png)
<use Korrekturen/korteweg_frame5400-0-0.1-20.0-3.0-0.5-0.3.png>
Package pdftex.def Info: Korrekturen/korteweg_frame5400-0-0.1-20.0-3.0-0.5-0.3.
png  used on input line 467.
(pdftex.def)             Requested size: 192.71658pt x 144.53743pt.
<Korrekturen/korteweg_frame50000-0-0.1-20.0-3.0-0.5-0.3.png, id=242, 481.8pt x 
361.35pt>
File: Korrekturen/korteweg_frame50000-0-0.1-20.0-3.0-0.5-0.3.png Graphic file (
type png)
<use Korrekturen/korteweg_frame50000-0-0.1-20.0-3.0-0.5-0.3.png>
Package pdftex.def Info: Korrekturen/korteweg_frame50000-0-0.1-20.0-3.0-0.5-0.3
.png  used on input line 468.
(pdftex.def)             Requested size: 192.71658pt x 144.53743pt.
<Korrekturen/plotting-Pk-P0-N3-.png, id=243, 481.8pt x 361.35pt>
File: Korrekturen/plotting-Pk-P0-N3-.png Graphic file (type png)
<use Korrekturen/plotting-Pk-P0-N3-.png>
Package pdftex.def Info: Korrekturen/plotting-Pk-P0-N3-.png  used on input line
 469.
(pdftex.def)             Requested size: 192.71658pt x 144.53743pt.
<Korrekturen/korteweg_frame1-0-0.1-20.0-2.5-0.5-0.3.png, id=244, 481.8pt x 361.
35pt>
File: Korrekturen/korteweg_frame1-0-0.1-20.0-2.5-0.5-0.3.png Graphic file (type
 png)
<use Korrekturen/korteweg_frame1-0-0.1-20.0-2.5-0.5-0.3.png>
Package pdftex.def Info: Korrekturen/korteweg_frame1-0-0.1-20.0-2.5-0.5-0.3.png
  used on input line 476.
(pdftex.def)             Requested size: 192.71658pt x 144.53743pt.
<Korrekturen/korteweg_frame22400-0-0.1-20.0-2.5-0.5-0.3.png, id=245, 481.8pt x 
361.35pt>
File: Korrekturen/korteweg_frame22400-0-0.1-20.0-2.5-0.5-0.3.png Graphic file (
type png)
<use Korrekturen/korteweg_frame22400-0-0.1-20.0-2.5-0.5-0.3.png>
Package pdftex.def Info: Korrekturen/korteweg_frame22400-0-0.1-20.0-2.5-0.5-0.3
.png  used on input line 477.
(pdftex.def)             Requested size: 192.71658pt x 144.53743pt.
<Korrekturen/korteweg_frame44000-0-0.1-20.0-2.5-0.5-0.3.png, id=246, 481.8pt x 
361.35pt>
File: Korrekturen/korteweg_frame44000-0-0.1-20.0-2.5-0.5-0.3.png Graphic file (
type png)
<use Korrekturen/korteweg_frame44000-0-0.1-20.0-2.5-0.5-0.3.png>
Package pdftex.def Info: Korrekturen/korteweg_frame44000-0-0.1-20.0-2.5-0.5-0.3
.png  used on input line 478.
(pdftex.def)             Requested size: 192.71658pt x 144.53743pt.
<Korrekturen/korteweg_frame50000-0-0.1-20.0-2.5-0.5-0.3.png, id=247, 481.8pt x 
361.35pt>
File: Korrekturen/korteweg_frame50000-0-0.1-20.0-2.5-0.5-0.3.png Graphic file (
type png)
<use Korrekturen/korteweg_frame50000-0-0.1-20.0-2.5-0.5-0.3.png>
Package pdftex.def Info: Korrekturen/korteweg_frame50000-0-0.1-20.0-2.5-0.5-0.3
.png  used on input line 479.
(pdftex.def)             Requested size: 192.71658pt x 144.53743pt.
<Korrekturen/plotting-Pk-P0-N2.5-.png, id=248, 481.8pt x 361.35pt>
File: Korrekturen/plotting-Pk-P0-N2.5-.png Graphic file (type png)
<use Korrekturen/plotting-Pk-P0-N2.5-.png>
Package pdftex.def Info: Korrekturen/plotting-Pk-P0-N2.5-.png  used on input li
ne 480.
(pdftex.def)             Requested size: 192.71658pt x 144.53743pt.
[13 <./Korrekturen/korteweg_frame1-0-0.1-20.0-3.0-0.5-0.3.png> <./Korrekturen/k
orteweg_frame3200-0-0.1-20.0-3.0-0.5-0.3.png> <./Korrekturen/korteweg_frame5400
-0-0.1-20.0-3.0-0.5-0.3.png> <./Korrekturen/korteweg_frame50000-0-0.1-20.0-3.0-
0.5-0.3.png> <./Korrekturen/plotting-Pk-P0-N3-.png>] [14 <./Korrekturen/kortewe
g_frame1-0-0.1-20.0-2.5-0.5-0.3.png> <./Korrekturen/korteweg_frame22400-0-0.1-2
0.0-2.5-0.5-0.3.png> <./Korrekturen/korteweg_frame44000-0-0.1-20.0-2.5-0.5-0.3.
png> <./Korrekturen/korteweg_frame50000-0-0.1-20.0-2.5-0.5-0.3.png> <./Korrektu
ren/plotting-Pk-P0-N2.5-.png>]

Package hyperref Warning: Token not allowed in a PDF string (PDFDocEncoding):
(hyperref)                removing `math shift' on input line 485.


Package hyperref Warning: Token not allowed in a PDF string (PDFDocEncoding):
(hyperref)                removing `\begingroup' on input line 485.


Package hyperref Warning: Token not allowed in a PDF string (PDFDocEncoding):
(hyperref)                removing `\@ifnextchar' on input line 485.


Package hyperref Warning: Token not allowed in a PDF string (PDFDocEncoding):
(hyperref)                removing `\endgroup' on input line 485.


Package hyperref Warning: Token not allowed in a PDF string (PDFDocEncoding):
(hyperref)                removing `subscript' on input line 485.


Package hyperref Warning: Token not allowed in a PDF string (PDFDocEncoding):
(hyperref)                removing `math shift' on input line 485.

<Korrekturen/korteweg_frame17000-1-0.05-8.0-1.0-0.2--0.1.png, id=270, 481.8pt x
 361.35pt>
File: Korrekturen/korteweg_frame17000-1-0.05-8.0-1.0-0.2--0.1.png Graphic file 
(type png)
<use Korrekturen/korteweg_frame17000-1-0.05-8.0-1.0-0.2--0.1.png>
Package pdftex.def Info: Korrekturen/korteweg_frame17000-1-0.05-8.0-1.0-0.2--0.
1.png  used on input line 497.
(pdftex.def)             Requested size: 192.71658pt x 144.53743pt.
<Korrekturen/korteweg_frame20000-1-0.05-8.0-1.0-0.3--0.1.png, id=271, 481.8pt x
 361.35pt>
File: Korrekturen/korteweg_frame20000-1-0.05-8.0-1.0-0.3--0.1.png Graphic file 
(type png)
<use Korrekturen/korteweg_frame20000-1-0.05-8.0-1.0-0.3--0.1.png>
Package pdftex.def Info: Korrekturen/korteweg_frame20000-1-0.05-8.0-1.0-0.3--0.
1.png  used on input line 498.
(pdftex.def)             Requested size: 192.71658pt x 144.53743pt.
<Korrekturen/korteweg_frame7000-1-0.1-20.0-1.0-0.4--0.1.png, id=272, 481.8pt x 
361.35pt>
File: Korrekturen/korteweg_frame7000-1-0.1-20.0-1.0-0.4--0.1.png Graphic file (
type png)
<use Korrekturen/korteweg_frame7000-1-0.1-20.0-1.0-0.4--0.1.png>
Package pdftex.def Info: Korrekturen/korteweg_frame7000-1-0.1-20.0-1.0-0.4--0.1
.png  used on input line 499.
(pdftex.def)             Requested size: 192.71658pt x 144.53743pt.
<Korrekturen/korteweg_frame9000-1-0.1-20.0-1.0-0.5--0.1.png, id=273, 481.8pt x 
361.35pt>
File: Korrekturen/korteweg_frame9000-1-0.1-20.0-1.0-0.5--0.1.png Graphic file (
type png)
<use Korrekturen/korteweg_frame9000-1-0.1-20.0-1.0-0.5--0.1.png>
Package pdftex.def Info: Korrekturen/korteweg_frame9000-1-0.1-20.0-1.0-0.5--0.1
.png  used on input line 500.
(pdftex.def)             Requested size: 192.71658pt x 144.53743pt.
<Korrekturen/korteweg_frame16000-1-0.1-20.0-1.0-0.6--0.1.png, id=274, 481.8pt x
 361.35pt>
File: Korrekturen/korteweg_frame16000-1-0.1-20.0-1.0-0.6--0.1.png Graphic file 
(type png)
<use Korrekturen/korteweg_frame16000-1-0.1-20.0-1.0-0.6--0.1.png>
Package pdftex.def Info: Korrekturen/korteweg_frame16000-1-0.1-20.0-1.0-0.6--0.
1.png  used on input line 501.
(pdftex.def)             Requested size: 192.71658pt x 144.53743pt.
<Korrekturen/korteweg_frame16000-1-0.1-20.0-1.0-0.7--0.1.png, id=275, 481.8pt x
 361.35pt>
File: Korrekturen/korteweg_frame16000-1-0.1-20.0-1.0-0.7--0.1.png Graphic file 
(type png)
<use Korrekturen/korteweg_frame16000-1-0.1-20.0-1.0-0.7--0.1.png>
Package pdftex.def Info: Korrekturen/korteweg_frame16000-1-0.1-20.0-1.0-0.7--0.
1.png  used on input line 502.
(pdftex.def)             Requested size: 192.71658pt x 144.53743pt.
<Korrekturen/korteweg_frame16000-1-0.1-20.0-1.0-0.8--0.1.png, id=276, 481.8pt x
 361.35pt>
File: Korrekturen/korteweg_frame16000-1-0.1-20.0-1.0-0.8--0.1.png Graphic file 
(type png)
<use Korrekturen/korteweg_frame16000-1-0.1-20.0-1.0-0.8--0.1.png>
Package pdftex.def Info: Korrekturen/korteweg_frame16000-1-0.1-20.0-1.0-0.8--0.
1.png  used on input line 503.
(pdftex.def)             Requested size: 192.71658pt x 144.53743pt.
<Korrekturen/korteweg_frame24000-1-0.1-20.0-1.0-0.9--0.1.png, id=277, 481.8pt x
 361.35pt>
File: Korrekturen/korteweg_frame24000-1-0.1-20.0-1.0-0.9--0.1.png Graphic file 
(type png)
<use Korrekturen/korteweg_frame24000-1-0.1-20.0-1.0-0.9--0.1.png>
Package pdftex.def Info: Korrekturen/korteweg_frame24000-1-0.1-20.0-1.0-0.9--0.
1.png  used on input line 504.
(pdftex.def)             Requested size: 192.71658pt x 144.53743pt.
[15] [16 <./Korrekturen/korteweg_frame17000-1-0.05-8.0-1.0-0.2--0.1.png> <./Kor
rekturen/korteweg_frame20000-1-0.05-8.0-1.0-0.3--0.1.png> <./Korrekturen/kortew
eg_frame7000-1-0.1-20.0-1.0-0.4--0.1.png> <./Korrekturen/korteweg_frame9000-1-0
.1-20.0-1.0-0.5--0.1.png> <./Korrekturen/korteweg_frame16000-1-0.1-20.0-1.0-0.6
--0.1.png> <./Korrekturen/korteweg_frame16000-1-0.1-20.0-1.0-0.7--0.1.png> <./K
orrekturen/korteweg_frame16000-1-0.1-20.0-1.0-0.8--0.1.png> <./Korrekturen/kort
eweg_frame24000-1-0.1-20.0-1.0-0.9--0.1.png>]

Package hyperref Warning: Token not allowed in a PDF string (PDFDocEncoding):
(hyperref)                removing `math shift' on input line 509.


Package hyperref Warning: Token not allowed in a PDF string (PDFDocEncoding):
(hyperref)                removing `\begingroup' on input line 509.


Package hyperref Warning: Token not allowed in a PDF string (PDFDocEncoding):
(hyperref)                removing `\@ifnextchar' on input line 509.


Package hyperref Warning: Token not allowed in a PDF string (PDFDocEncoding):
(hyperref)                removing `\endgroup' on input line 509.


Package hyperref Warning: Token not allowed in a PDF string (PDFDocEncoding):
(hyperref)                removing `subscript' on input line 509.


Package hyperref Warning: Token not allowed in a PDF string (PDFDocEncoding):
(hyperref)                removing `math shift' on input line 509.


Package hyperref Warning: Token not allowed in a PDF string (PDFDocEncoding):
(hyperref)                removing `math shift' on input line 509.


Package hyperref Warning: Token not allowed in a PDF string (PDFDocEncoding):
(hyperref)                removing `subscript' on input line 509.


Package hyperref Warning: Token not allowed in a PDF string (PDFDocEncoding):
(hyperref)                removing `math shift' on input line 509.

<plotting-A-h0-fit-1.png, id=295, 481.8pt x 361.35pt>
File: plotting-A-h0-fit-1.png Graphic file (type png)
<use plotting-A-h0-fit-1.png>
Package pdftex.def Info: plotting-A-h0-fit-1.png  used on input line 514.
(pdftex.def)             Requested size: 337.25769pt x 252.94327pt.
<plotting-A-h0-fit-2.png, id=296, 481.8pt x 361.35pt>
File: plotting-A-h0-fit-2.png Graphic file (type png)
<use plotting-A-h0-fit-2.png>
Package pdftex.def Info: plotting-A-h0-fit-2.png  used on input line 532.
(pdftex.def)             Requested size: 337.25769pt x 252.94327pt.
[17 <./plotting-A-h0-fit-1.png>]

Package hyperref Warning: Token not allowed in a PDF string (PDFDocEncoding):
(hyperref)                removing `math shift' on input line 537.


Package hyperref Warning: Token not allowed in a PDF string (PDFDocEncoding):
(hyperref)                removing `\begingroup' on input line 537.


Package hyperref Warning: Token not allowed in a PDF string (PDFDocEncoding):
(hyperref)                removing `\@ifnextchar' on input line 537.


Package hyperref Warning: Token not allowed in a PDF string (PDFDocEncoding):
(hyperref)                removing `\endgroup' on input line 537.


Package hyperref Warning: Token not allowed in a PDF string (PDFDocEncoding):
(hyperref)                removing `subscript' on input line 537.


Package hyperref Warning: Token not allowed in a PDF string (PDFDocEncoding):
(hyperref)                removing `math shift' on input line 537.

<Korrekturen/korteweg_frame1-3-0.1-30.0-1.0-0.3--0.6.png, id=306, 481.8pt x 361
.35pt>
File: Korrekturen/korteweg_frame1-3-0.1-30.0-1.0-0.3--0.6.png Graphic file (typ
e png)
<use Korrekturen/korteweg_frame1-3-0.1-30.0-1.0-0.3--0.6.png>
Package pdftex.def Info: Korrekturen/korteweg_frame1-3-0.1-30.0-1.0-0.3--0.6.pn
g  used on input line 544.
(pdftex.def)             Requested size: 192.71658pt x 144.53743pt.
<Korrekturen/korteweg_frame10000-3-0.1-30.0-1.0-0.3--0.6.png, id=307, 481.8pt x
 361.35pt>
File: Korrekturen/korteweg_frame10000-3-0.1-30.0-1.0-0.3--0.6.png Graphic file 
(type png)
<use Korrekturen/korteweg_frame10000-3-0.1-30.0-1.0-0.3--0.6.png>
Package pdftex.def Info: Korrekturen/korteweg_frame10000-3-0.1-30.0-1.0-0.3--0.
6.png  used on input line 545.
(pdftex.def)             Requested size: 192.71658pt x 144.53743pt.
<Korrekturen/korteweg_frame30000-3-0.1-30.0-1.0-0.3--0.6.png, id=308, 481.8pt x
 361.35pt>
File: Korrekturen/korteweg_frame30000-3-0.1-30.0-1.0-0.3--0.6.png Graphic file 
(type png)
<use Korrekturen/korteweg_frame30000-3-0.1-30.0-1.0-0.3--0.6.png>
Package pdftex.def Info: Korrekturen/korteweg_frame30000-3-0.1-30.0-1.0-0.3--0.
6.png  used on input line 546.
(pdftex.def)             Requested size: 192.71658pt x 144.53743pt.
<Korrekturen/korteweg_frame1-3-0.1-30.0-1.0-0.4--0.6.png, id=309, 481.8pt x 361
.35pt>
File: Korrekturen/korteweg_frame1-3-0.1-30.0-1.0-0.4--0.6.png Graphic file (typ
e png)
<use Korrekturen/korteweg_frame1-3-0.1-30.0-1.0-0.4--0.6.png>
Package pdftex.def Info: Korrekturen/korteweg_frame1-3-0.1-30.0-1.0-0.4--0.6.pn
g  used on input line 547.
(pdftex.def)             Requested size: 192.71658pt x 144.53743pt.
<Korrekturen/korteweg_frame8400-3-0.1-30.0-1.0-0.4--0.6.png, id=310, 481.8pt x 
361.35pt>
File: Korrekturen/korteweg_frame8400-3-0.1-30.0-1.0-0.4--0.6.png Graphic file (
type png)
<use Korrekturen/korteweg_frame8400-3-0.1-30.0-1.0-0.4--0.6.png>
Package pdftex.def Info: Korrekturen/korteweg_frame8400-3-0.1-30.0-1.0-0.4--0.6
.png  used on input line 548.
(pdftex.def)             Requested size: 192.71658pt x 144.53743pt.
<Korrekturen/korteweg_frame30000-3-0.1-30.0-1.0-0.4--0.6.png, id=311, 481.8pt x
 361.35pt>
File: Korrekturen/korteweg_frame30000-3-0.1-30.0-1.0-0.4--0.6.png Graphic file 
(type png)
<use Korrekturen/korteweg_frame30000-3-0.1-30.0-1.0-0.4--0.6.png>
Package pdftex.def Info: Korrekturen/korteweg_frame30000-3-0.1-30.0-1.0-0.4--0.
6.png  used on input line 549.
(pdftex.def)             Requested size: 192.71658pt x 144.53743pt.
<Korrekturen/korteweg_frame1-3-0.1-30.0-1.0-0.5--0.6.png, id=312, 481.8pt x 361
.35pt>
File: Korrekturen/korteweg_frame1-3-0.1-30.0-1.0-0.5--0.6.png Graphic file (typ
e png)
<use Korrekturen/korteweg_frame1-3-0.1-30.0-1.0-0.5--0.6.png>
Package pdftex.def Info: Korrekturen/korteweg_frame1-3-0.1-30.0-1.0-0.5--0.6.pn
g  used on input line 555.
(pdftex.def)             Requested size: 192.71658pt x 144.53743pt.
<Korrekturen/korteweg_frame7200-3-0.1-30.0-1.0-0.5--0.6.png, id=313, 481.8pt x 
361.35pt>
File: Korrekturen/korteweg_frame7200-3-0.1-30.0-1.0-0.5--0.6.png Graphic file (
type png)
<use Korrekturen/korteweg_frame7200-3-0.1-30.0-1.0-0.5--0.6.png>
Package pdftex.def Info: Korrekturen/korteweg_frame7200-3-0.1-30.0-1.0-0.5--0.6
.png  used on input line 556.
(pdftex.def)             Requested size: 192.71658pt x 144.53743pt.
<Korrekturen/korteweg_frame30000-3-0.1-30.0-1.0-0.5--0.6.png, id=314, 481.8pt x
 361.35pt>
File: Korrekturen/korteweg_frame30000-3-0.1-30.0-1.0-0.5--0.6.png Graphic file 
(type png)
<use Korrekturen/korteweg_frame30000-3-0.1-30.0-1.0-0.5--0.6.png>
Package pdftex.def Info: Korrekturen/korteweg_frame30000-3-0.1-30.0-1.0-0.5--0.
6.png  used on input line 557.
(pdftex.def)             Requested size: 192.71658pt x 144.53743pt.
<Korrekturen/korteweg_frame1-3-0.1-30.0-1.0-0.6--0.6.png, id=315, 481.8pt x 361
.35pt>
File: Korrekturen/korteweg_frame1-3-0.1-30.0-1.0-0.6--0.6.png Graphic file (typ
e png)
<use Korrekturen/korteweg_frame1-3-0.1-30.0-1.0-0.6--0.6.png>
Package pdftex.def Info: Korrekturen/korteweg_frame1-3-0.1-30.0-1.0-0.6--0.6.pn
g  used on input line 558.
(pdftex.def)             Requested size: 192.71658pt x 144.53743pt.
<Korrekturen/korteweg_frame6600-3-0.1-30.0-1.0-0.6--0.6.png, id=316, 481.8pt x 
361.35pt>
File: Korrekturen/korteweg_frame6600-3-0.1-30.0-1.0-0.6--0.6.png Graphic file (
type png)
<use Korrekturen/korteweg_frame6600-3-0.1-30.0-1.0-0.6--0.6.png>
Package pdftex.def Info: Korrekturen/korteweg_frame6600-3-0.1-30.0-1.0-0.6--0.6
.png  used on input line 559.
(pdftex.def)             Requested size: 192.71658pt x 144.53743pt.
<Korrekturen/korteweg_frame30000-3-0.1-30.0-1.0-0.6--0.6.png, id=317, 481.8pt x
 361.35pt>
File: Korrekturen/korteweg_frame30000-3-0.1-30.0-1.0-0.6--0.6.png Graphic file 
(type png)
<use Korrekturen/korteweg_frame30000-3-0.1-30.0-1.0-0.6--0.6.png>
Package pdftex.def Info: Korrekturen/korteweg_frame30000-3-0.1-30.0-1.0-0.6--0.
6.png  used on input line 560.
(pdftex.def)             Requested size: 192.71658pt x 144.53743pt.
[18 <./plotting-A-h0-fit-2.png>] [19 <./Korrekturen/korteweg_frame1-3-0.1-30.0-
1.0-0.3--0.6.png> <./Korrekturen/korteweg_frame10000-3-0.1-30.0-1.0-0.3--0.6.pn
g> <./Korrekturen/korteweg_frame30000-3-0.1-30.0-1.0-0.3--0.6.png> <./Korrektur
en/korteweg_frame1-3-0.1-30.0-1.0-0.4--0.6.png> <./Korrekturen/korteweg_frame84
00-3-0.1-30.0-1.0-0.4--0.6.png> <./Korrekturen/korteweg_frame30000-3-0.1-30.0-1
.0-0.4--0.6.png>] [20 <./Korrekturen/korteweg_frame1-3-0.1-30.0-1.0-0.5--0.6.pn
g> <./Korrekturen/korteweg_frame7200-3-0.1-30.0-1.0-0.5--0.6.png> <./Korrekture
n/korteweg_frame30000-3-0.1-30.0-1.0-0.5--0.6.png> <./Korrekturen/korteweg_fram
e1-3-0.1-30.0-1.0-0.6--0.6.png> <./Korrekturen/korteweg_frame6600-3-0.1-30.0-1.
0-0.6--0.6.png> <./Korrekturen/korteweg_frame30000-3-0.1-30.0-1.0-0.6--0.6.png>
]
LaTeX Font Info:    Try loading font information for T1+cmtt on input line 569.

 (/usr/share/texlive/texmf-dist/tex/latex/base/t1cmtt.fd
File: t1cmtt.fd 2014/09/29 v2.5h Standard LaTeX font definitions
)
LaTeX Font Info:    Try loading font information for OMS+cmr on input line 590.


(/usr/share/texlive/texmf-dist/tex/latex/base/omscmr.fd
File: omscmr.fd 2014/09/29 v2.5h Standard LaTeX font definitions
)
LaTeX Font Info:    Font shape `OMS/cmr/m/n' in size <10> not available
(Font)              Font shape `OMS/cmsy/m/n' tried instead on input line 590.
 [21] [22]
Overfull \hbox (117.45882pt too wide) in paragraph at lines 750--750
 []    \T1/cmtt/m/n/9 #write(file,"$n $(trunc(abs(Pk[1]-P0),digits=10)) $(trunc
(abs(Pk[2]-P1),digits=10)) $(trunc(abs(Pk[3]-P2),digits=10)) \n")[]  
 []


Overfull \hbox (589.84346pt too wide) in paragraph at lines 768--768
 []      \T1/cmtt/m/n/9 println("set term png; set output sprintf('korteweg_fra
me$n-$(parse(Int,ARGS[1]))-$(parse(Float64,ARGS[3]))-$(parse(Float64,ARGS[4]))-
$(parse(Float64,ARGS[5]))-$(parse(Float64,ARGS[6]))-$(parse(Float64,ARGS[8])).p
ng');")[]  
 []

[23]
Overfull \hbox (8.81035pt too wide) in paragraph at lines 783--783
 []        \T1/cmtt/m/n/9 println("plot '-' w l, [-$grenze:$(3*grenze)] -(1-$(h
0)*exp(-x*x/$(L*L))) linecolor 3 notitle")[]  
 []

Excluding 'comment' comment.
Package atveryend Info: Empty hook `BeforeClearDocument' on input line 1812.
 [24]
Package atveryend Info: Empty hook `AfterLastShipout' on input line 1812.
 (./korteweg-de-vries.aux)
Package atveryend Info: Executing hook `AtVeryEndDocument' on input line 1812.
Package atveryend Info: Executing hook `AtEndAfterFileList' on input line 1812.

Package rerunfilecheck Info: File `korteweg-de-vries.out' has not changed.
(rerunfilecheck)             Checksum: 3A12BCADD32AC43D9489C00266E14293;1402.
Package atveryend Info: Empty hook `AtVeryVeryEnd' on input line 1812.
 ) 
Here is how much of TeX's memory you used:
 8781 strings out of 494798
 132908 string characters out of 6176799
 227052 words of memory out of 5000000
 11843 multiletter control sequences out of 15000+600000
 23053 words of font info for 64 fonts, out of 8000000 for 9000
 59 hyphenation exceptions out of 8191
 28i,15n,44p,705b,731s stack positions out of 5000i,500n,10000p,200000b,80000s
 </home/christian/.texlive2017/texmf-var/fonts/pk/ljfour/jknappen/ec/ectt0900
.600pk> </home/christian/.texlive2017/texmf-var/fonts/pk/ljfour/jknappen/ec/ect
i0900.600pk> </home/christian/.texlive2017/texmf-var/fonts/pk/ljfour/jknappen/e
c/ecrm0800.600pk> </home/christian/.texlive2017/texmf-var/fonts/pk/ljfour/jknap
pen/ec/ectt1000.600pk> </home/christian/.texlive2017/texmf-var/fonts/pk/ljfour/
jknappen/ec/ecbx1200.600pk> </home/christian/.texlive2017/texmf-var/fonts/pk/lj
four/jknappen/ec/ecbx1000.600pk> </home/christian/.texlive2017/texmf-var/fonts/
pk/ljfour/jknappen/ec/ecbx1440.600pk> </home/christian/.texlive2017/texmf-var/f
onts/pk/ljfour/jknappen/ec/ecrm1000.600pk> </home/christian/.texlive2017/texmf-
var/fonts/pk/ljfour/jknappen/ec/ecbx2488.600pk> </home/christian/.texlive2017/t
exmf-var/fonts/pk/ljfour/jknappen/ec/eccc1200.600pk> </home/christian/.texlive2
017/texmf-var/fonts/pk/ljfour/jknappen/ec/ecrm1200.600pk></usr/share/texlive/te
xmf-dist/fonts/type1/public/amsfonts/cm/cmex10.pfb></usr/share/texlive/texmf-di
st/fonts/type1/public/amsfonts/cm/cmmi10.pfb></usr/share/texlive/texmf-dist/fon
ts/type1/public/amsfonts/cm/cmmi12.pfb></usr/share/texlive/texmf-dist/fonts/typ
e1/public/amsfonts/cm/cmmi7.pfb></usr/share/texlive/texmf-dist/fonts/type1/publ
ic/amsfonts/cm/cmr10.pfb></usr/share/texlive/texmf-dist/fonts/type1/public/amsf
onts/cm/cmr12.pfb></usr/share/texlive/texmf-dist/fonts/type1/public/amsfonts/cm
/cmr5.pfb></usr/share/texlive/texmf-dist/fonts/type1/public/amsfonts/cm/cmr7.pf
b></usr/share/texlive/texmf-dist/fonts/type1/public/amsfonts/cm/cmr8.pfb></usr/
share/texlive/texmf-dist/fonts/type1/public/amsfonts/cm/cmsy10.pfb></usr/share/
texlive/texmf-dist/fonts/type1/public/amsfonts/cm/cmsy7.pfb></usr/share/texlive
/texmf-dist/fonts/type1/public/amsfonts/cm/cmsy9.pfb></usr/share/texlive/texmf-
dist/fonts/type1/public/amsfonts/symbols/msam10.pfb>
Output written on korteweg-de-vries.pdf (25 pages, 764039 bytes).
PDF statistics:
 924 PDF objects out of 1000 (max. 8388607)
 355 compressed objects within 4 object streams
 85 named destinations out of 1000 (max. 500000)
 409 words of extra memory for PDF output out of 10000 (max. 10000000)

